<?xml version="1.0" encoding="UTF-8"?>
<testsuite name="server.ServerTest" tests="1" skipped="0" failures="0" errors="0" timestamp="2025-03-27T14:10:35" hostname="ARTED22" time="0.028">
  <properties/>
  <testcase name="testServerAcceptsConnection()" classname="server.ServerTest" time="0.028"/>
  <system-out><![CDATA[Servidor iniciado na porta 12345
Cliente conectado: /127.0.0.1
]]></system-out>
  <system-err><![CDATA[Erro ao iniciar o servidor: Socket closed
]]></system-err>
</testsuite>
